[debug] [2021-11-01T03:03:01.447Z] ----------------------------------------------------------------------
[debug] [2021-11-01T03:03:01.450Z] Command:       C:\Program Files\nodejs\node.exe C:\Users\Afrosoul4eva\AppData\Roaming\npm\node_modules\firebase-tools\lib\bin\firebase.js init
[debug] [2021-11-01T03:03:01.450Z] CLI Version:   9.21.0
[debug] [2021-11-01T03:03:01.450Z] Platform:      win32
[debug] [2021-11-01T03:03:01.450Z] Node Version:  v15.8.0
[debug] [2021-11-01T03:03:01.451Z] Time:          Sun Oct 31 2021 23:03:01 GMT-0400 (Eastern Daylight Time)
[debug] [2021-11-01T03:03:01.451Z] ----------------------------------------------------------------------
[debug] 
[debug] [2021-11-01T03:03:01.458Z] > command requires scopes: ["email","openid","https://www.googleapis.com/auth/cloudplatformprojects.readonly","https://www.googleapis.com/auth/firebase","https://www.googleapis.com/auth/cloud-platform"]
[debug] [2021-11-01T03:03:01.459Z] > authorizing via signed-in user (jwilliams617bos@gmail.com)
[info] 
     ######## #### ########  ######## ########     ###     ######  ########
     ##        ##  ##     ## ##       ##     ##  ##   ##  ##       ##
     ######    ##  ########  ######   ########  #########  ######  ######
     ##        ##  ##    ##  ##       ##     ## ##     ##       ## ##
     ##       #### ##     ## ######## ########  ##     ##  ######  ########

You're about to initialize a Firebase project in this directory:

  W:\Coding\FB9DB

[info] 
=== Project Setup
[info] 
[info] First, let's associate this project directory with a Firebase project.
[info] You can create multiple project aliases by running firebase use --add, 
[info] but for now we'll just set up a default project.
[info] 
[debug] [2021-11-01T03:03:26.473Z] > refreshing access token with scopes: []
[debug] [2021-11-01T03:03:26.474Z] >>> HTTP REQUEST POST https://www.googleapis.com/oauth2/v3/token  
 <request body omitted>
[debug] [2021-11-01T03:03:26.624Z] <<< HTTP RESPONSE 200 {"cache-control":"no-cache, no-store, max-age=0, must-revalidate","expires":"Mon, 01 Jan 1990 00:00:00 GMT","pragma":"no-cache","date":"Mon, 01 Nov 2021 03:03:28 GMT","content-type":"application/json; charset=utf-8","vary":"X-Origin, Referer, Origin,Accept-Encoding","server":"scaffolding on HTTPServer2","x-xss-protection":"0","x-frame-options":"SAMEORIGIN","x-content-type-options":"nosniff","alt-svc":"h3=\":443\"; ma=2592000,h3-29=\":443\"; ma=2592000,h3-Q050=\":443\"; ma=2592000,h3-Q046=\":443\"; ma=2592000,h3-Q043=\":443\"; ma=2592000,quic=\":443\"; ma=2592000; v=\"46,43\"","accept-ranges":"none","transfer-encoding":"chunked"}
[debug] [2021-11-01T03:03:26.639Z] >>> [apiv2][query] GET https://firebase.googleapis.com/v1beta1/projects pageSize=100
[debug] [2021-11-01T03:03:26.970Z] <<< [apiv2][status] GET https://firebase.googleapis.com/v1beta1/projects 200
[debug] [2021-11-01T03:03:26.970Z] <<< [apiv2][body] GET https://firebase.googleapis.com/v1beta1/projects [omitted]
[info] i  Using project fb9db-d7c37 (FB9DB) 
[info] 
=== Database Setup
[info] i  database: ensuring required API firebasedatabase.googleapis.com is enabled... 
[debug] [2021-11-01T03:03:33.043Z] > refreshing access token with scopes: ["email","https://www.googleapis.com/auth/cloud-platform","https://www.googleapis.com/auth/cloudplatformprojects.readonly","https://www.googleapis.com/auth/firebase","openid"]
[debug] [2021-11-01T03:03:33.043Z] >>> HTTP REQUEST POST https://www.googleapis.com/oauth2/v3/token  
 <request body omitted>
[debug] [2021-11-01T03:03:33.174Z] <<< HTTP RESPONSE 200 {"cache-control":"no-cache, no-store, max-age=0, must-revalidate","pragma":"no-cache","expires":"Mon, 01 Jan 1990 00:00:00 GMT","date":"Mon, 01 Nov 2021 03:03:34 GMT","content-type":"application/json; charset=utf-8","vary":"X-Origin, Referer, Origin,Accept-Encoding","server":"scaffolding on HTTPServer2","x-xss-protection":"0","x-frame-options":"SAMEORIGIN","x-content-type-options":"nosniff","alt-svc":"h3=\":443\"; ma=2592000,h3-29=\":443\"; ma=2592000,h3-Q050=\":443\"; ma=2592000,h3-Q046=\":443\"; ma=2592000,h3-Q043=\":443\"; ma=2592000,quic=\":443\"; ma=2592000; v=\"46,43\"","accept-ranges":"none","transfer-encoding":"chunked"}
[debug] [2021-11-01T03:03:33.183Z] >>> HTTP REQUEST GET https://serviceusage.googleapis.com/v1/projects/fb9db-d7c37/services/firebasedatabase.googleapis.com  
 
[debug] [2021-11-01T03:03:33.622Z] <<< HTTP RESPONSE 200 {"content-type":"application/json; charset=UTF-8","vary":"X-Origin, Referer, Origin,Accept-Encoding","date":"Mon, 01 Nov 2021 03:03:35 GMT","server":"ESF","cache-control":"private","x-xss-protection":"0","x-frame-options":"SAMEORIGIN","x-content-type-options":"nosniff","alt-svc":"h3=\":443\"; ma=2592000,h3-29=\":443\"; ma=2592000,h3-Q050=\":443\"; ma=2592000,h3-Q046=\":443\"; ma=2592000,h3-Q043=\":443\"; ma=2592000,quic=\":443\"; ma=2592000; v=\"46,43\"","accept-ranges":"none","transfer-encoding":"chunked"}
[warn] !  database: missing required API firebasedatabase.googleapis.com. Enabling now... 
[debug] [2021-11-01T03:03:33.623Z] >>> HTTP REQUEST POST https://serviceusage.googleapis.com/v1/projects/fb9db-d7c37/services/firebasedatabase.googleapis.com:enable  
 
[debug] [2021-11-01T03:03:34.543Z] <<< HTTP RESPONSE 200 {"content-type":"application/json; charset=UTF-8","vary":"X-Origin, Referer, Origin,Accept-Encoding","date":"Mon, 01 Nov 2021 03:03:35 GMT","server":"ESF","cache-control":"private","x-xss-protection":"0","x-frame-options":"SAMEORIGIN","x-content-type-options":"nosniff","alt-svc":"h3=\":443\"; ma=2592000,h3-29=\":443\"; ma=2592000,h3-Q050=\":443\"; ma=2592000,h3-Q046=\":443\"; ma=2592000,h3-Q043=\":443\"; ma=2592000,quic=\":443\"; ma=2592000; v=\"46,43\"","accept-ranges":"none","transfer-encoding":"chunked"}
[debug] [2021-11-01T03:03:44.553Z] >>> HTTP REQUEST GET https://serviceusage.googleapis.com/v1/projects/fb9db-d7c37/services/firebasedatabase.googleapis.com  
 
[debug] [2021-11-01T03:03:44.958Z] <<< HTTP RESPONSE 200 {"content-type":"application/json; charset=UTF-8","vary":"X-Origin, Referer, Origin,Accept-Encoding","date":"Mon, 01 Nov 2021 03:03:46 GMT","server":"ESF","cache-control":"private","x-xss-protection":"0","x-frame-options":"SAMEORIGIN","x-content-type-options":"nosniff","alt-svc":"h3=\":443\"; ma=2592000,h3-29=\":443\"; ma=2592000,h3-Q050=\":443\"; ma=2592000,h3-Q046=\":443\"; ma=2592000,h3-Q043=\":443\"; ma=2592000,quic=\":443\"; ma=2592000; v=\"46,43\"","accept-ranges":"none","transfer-encoding":"chunked"}
[info] +  database: required API firebasedatabase.googleapis.com is enabled 
[info] 
[debug] [2021-11-01T03:03:44.961Z] > refreshing access token with scopes: []
[debug] [2021-11-01T03:03:44.961Z] >>> HTTP REQUEST POST https://www.googleapis.com/oauth2/v3/token  
 <request body omitted>
[debug] [2021-11-01T03:03:45.075Z] <<< HTTP RESPONSE 200 {"cache-control":"no-cache, no-store, max-age=0, must-revalidate","date":"Mon, 01 Nov 2021 03:03:46 GMT","expires":"Mon, 01 Jan 1990 00:00:00 GMT","pragma":"no-cache","content-type":"application/json; charset=utf-8","vary":"X-Origin, Referer, Origin,Accept-Encoding","server":"scaffolding on HTTPServer2","x-xss-protection":"0","x-frame-options":"SAMEORIGIN","x-content-type-options":"nosniff","alt-svc":"h3=\":443\"; ma=2592000,h3-29=\":443\"; ma=2592000,h3-Q050=\":443\"; ma=2592000,h3-Q046=\":443\"; ma=2592000,h3-Q043=\":443\"; ma=2592000,quic=\":443\"; ma=2592000; v=\"46,43\"","accept-ranges":"none","transfer-encoding":"chunked"}
[debug] [2021-11-01T03:03:45.085Z] >>> [apiv2][query] GET https://firebase.googleapis.com/v1beta1/projects/fb9db-d7c37 [none]
[debug] [2021-11-01T03:03:45.377Z] <<< [apiv2][status] GET https://firebase.googleapis.com/v1beta1/projects/fb9db-d7c37 200
[debug] [2021-11-01T03:03:45.378Z] <<< [apiv2][body] GET https://firebase.googleapis.com/v1beta1/projects/fb9db-d7c37 {"projectId":"fb9db-d7c37","projectNumber":"691445013787","displayName":"FB9DB","name":"projects/fb9db-d7c37","resources":{"hostingSite":"fb9db-d7c37","storageBucket":"fb9db-d7c37.appspot.com","locationId":"us-central"},"state":"ACTIVE"}
[info] 
[info] Firebase Realtime Database Security Rules allow you to define how your data should be
[info] structured and when your data can be read from and written to.
[info] 
[info] +  Default rules have been written to database.rules.json. 
[info] Future modifications to database.rules.json will update Realtime Database Security Rules when you run
[info] firebase deploy.
[info] 
=== Firestore Setup
[debug] [2021-11-01T03:03:57.496Z] > refreshing access token with scopes: ["email","https://www.googleapis.com/auth/cloud-platform","https://www.googleapis.com/auth/cloudplatformprojects.readonly","https://www.googleapis.com/auth/firebase","openid"]
[debug] [2021-11-01T03:03:57.497Z] >>> HTTP REQUEST POST https://www.googleapis.com/oauth2/v3/token  
 <request body omitted>
[debug] [2021-11-01T03:03:57.605Z] <<< HTTP RESPONSE 200 {"expires":"Mon, 01 Jan 1990 00:00:00 GMT","pragma":"no-cache","date":"Mon, 01 Nov 2021 03:03:59 GMT","cache-control":"no-cache, no-store, max-age=0, must-revalidate","content-type":"application/json; charset=utf-8","vary":"X-Origin, Referer, Origin,Accept-Encoding","server":"scaffolding on HTTPServer2","x-xss-protection":"0","x-frame-options":"SAMEORIGIN","x-content-type-options":"nosniff","alt-svc":"h3=\":443\"; ma=2592000,h3-29=\":443\"; ma=2592000,h3-Q050=\":443\"; ma=2592000,h3-Q046=\":443\"; ma=2592000,h3-Q043=\":443\"; ma=2592000,quic=\":443\"; ma=2592000; v=\"46,43\"","accept-ranges":"none","transfer-encoding":"chunked"}
[debug] [2021-11-01T03:03:57.623Z] >>> HTTP REQUEST GET https://serviceusage.googleapis.com/v1/projects/fb9db-d7c37/services/firestore.googleapis.com  
 
[debug] [2021-11-01T03:03:58.046Z] <<< HTTP RESPONSE 200 {"content-type":"application/json; charset=UTF-8","vary":"X-Origin, Referer, Origin,Accept-Encoding","date":"Mon, 01 Nov 2021 03:03:59 GMT","server":"ESF","cache-control":"private","x-xss-protection":"0","x-frame-options":"SAMEORIGIN","x-content-type-options":"nosniff","alt-svc":"h3=\":443\"; ma=2592000,h3-29=\":443\"; ma=2592000,h3-Q050=\":443\"; ma=2592000,h3-Q046=\":443\"; ma=2592000,h3-Q043=\":443\"; ma=2592000,quic=\":443\"; ma=2592000; v=\"46,43\"","accept-ranges":"none","transfer-encoding":"chunked"}
[debug] [2021-11-01T03:03:58.047Z] >>> HTTP REQUEST GET https://appengine.googleapis.com/v1/apps/fb9db-d7c37  
 
[debug] [2021-11-01T03:03:58.364Z] <<< HTTP RESPONSE 200 {"content-type":"application/json; charset=UTF-8","vary":"X-Origin, Referer, Origin,Accept-Encoding","date":"Mon, 01 Nov 2021 03:03:59 GMT","server":"ESF","cache-control":"private","x-xss-protection":"0","x-frame-options":"SAMEORIGIN","x-content-type-options":"nosniff","alt-svc":"h3=\":443\"; ma=2592000,h3-29=\":443\"; ma=2592000,h3-Q050=\":443\"; ma=2592000,h3-Q046=\":443\"; ma=2592000,h3-Q043=\":443\"; ma=2592000,quic=\":443\"; ma=2592000; v=\"46,43\"","accept-ranges":"none","transfer-encoding":"chunked"}
[debug] [2021-11-01T03:03:58.365Z] database_type: CLOUD_FIRESTORE
[debug] [2021-11-01T03:03:58.365Z] > command requires scopes: ["email","openid","https://www.googleapis.com/auth/cloudplatformprojects.readonly","https://www.googleapis.com/auth/firebase","https://www.googleapis.com/auth/cloud-platform"]
[debug] [2021-11-01T03:03:58.365Z] > authorizing via signed-in user (jwilliams617bos@gmail.com)
[debug] [2021-11-01T03:03:58.365Z] [iam] checking project fb9db-d7c37 for permissions ["firebase.projects.get"]
[debug] [2021-11-01T03:03:58.366Z] >>> HTTP REQUEST POST https://cloudresourcemanager.googleapis.com/v1/projects/fb9db-d7c37:testIamPermissions  
 {"permissions":["firebase.projects.get"]}
[debug] [2021-11-01T03:03:58.676Z] <<< HTTP RESPONSE 200 {"content-type":"application/json; charset=UTF-8","vary":"X-Origin, Referer, Origin,Accept-Encoding","date":"Mon, 01 Nov 2021 03:04:00 GMT","server":"ESF","cache-control":"private","x-xss-protection":"0","x-frame-options":"SAMEORIGIN","x-content-type-options":"nosniff","server-timing":"gfet4t7; dur=130","alt-svc":"h3=\":443\"; ma=2592000,h3-29=\":443\"; ma=2592000,h3-Q050=\":443\"; ma=2592000,h3-Q046=\":443\"; ma=2592000,h3-Q043=\":443\"; ma=2592000,quic=\":443\"; ma=2592000; v=\"46,43\"","accept-ranges":"none","transfer-encoding":"chunked"}
[info] 
[info] Firestore Security Rules allow you to define how and when to allow
[info] requests. You can keep these rules in your project directory
[info] and publish them with firebase deploy.
[info] 
[debug] [2021-11-01T03:04:00.593Z] >>> HTTP REQUEST GET https://firebaserules.googleapis.com/v1/projects/fb9db-d7c37/releases?pageSize=10&pageToken=  
 
[debug] [2021-11-01T03:04:00.931Z] <<< HTTP RESPONSE 200 {"content-type":"application/json; charset=UTF-8","vary":"X-Origin, Referer, Origin,Accept-Encoding","date":"Mon, 01 Nov 2021 03:04:02 GMT","server":"ESF","cache-control":"private","x-xss-protection":"0","x-frame-options":"SAMEORIGIN","x-content-type-options":"nosniff","alt-svc":"h3=\":443\"; ma=2592000,h3-29=\":443\"; ma=2592000,h3-Q050=\":443\"; ma=2592000,h3-Q046=\":443\"; ma=2592000,h3-Q043=\":443\"; ma=2592000,quic=\":443\"; ma=2592000; v=\"46,43\"","accept-ranges":"none","transfer-encoding":"chunked"}
[debug] [2021-11-01T03:04:00.931Z] Found ruleset: projects/fb9db-d7c37/rulesets/799d17a9-9b1c-46e6-ab04-a5e8f6b2c41d
[debug] [2021-11-01T03:04:00.932Z] >>> HTTP REQUEST GET https://firebaserules.googleapis.com/v1/projects/fb9db-d7c37/rulesets/799d17a9-9b1c-46e6-ab04-a5e8f6b2c41d  
 
[debug] [2021-11-01T03:04:01.231Z] <<< HTTP RESPONSE 200 {"content-type":"application/json; charset=UTF-8","vary":"X-Origin, Referer, Origin,Accept-Encoding","date":"Mon, 01 Nov 2021 03:04:02 GMT","server":"ESF","cache-control":"private","x-xss-protection":"0","x-frame-options":"SAMEORIGIN","x-content-type-options":"nosniff","alt-svc":"h3=\":443\"; ma=2592000,h3-29=\":443\"; ma=2592000,h3-Q050=\":443\"; ma=2592000,h3-Q046=\":443\"; ma=2592000,h3-Q043=\":443\"; ma=2592000,quic=\":443\"; ma=2592000; v=\"46,43\"","accept-ranges":"none","transfer-encoding":"chunked"}
[info] 
[info] Firestore indexes allow you to perform complex queries while
[info] maintaining performance that scales with the size of the result
[info] set. You can keep index definitions in your project directory
[info] and publish them with firebase deploy.
[info] 
[debug] [2021-11-01T03:04:02.406Z] >>> HTTP REQUEST GET https://firestore.googleapis.com/v1/projects/fb9db-d7c37/databases/(default)/collectionGroups/-/indexes  
 
[debug] [2021-11-01T03:04:02.406Z] >>> HTTP REQUEST GET https://firestore.googleapis.com/v1/projects/fb9db-d7c37/databases/(default)/collectionGroups/-/fields?filter=indexConfig.usesAncestorConfig=false  
 
[debug] [2021-11-01T03:04:02.781Z] <<< HTTP RESPONSE 200 {"content-type":"application/json; charset=UTF-8","vary":"X-Origin, Referer, Origin,Accept-Encoding","date":"Mon, 01 Nov 2021 03:04:04 GMT","server":"ESF","cache-control":"private","x-xss-protection":"0","x-frame-options":"SAMEORIGIN","x-content-type-options":"nosniff","alt-svc":"h3=\":443\"; ma=2592000,h3-29=\":443\"; ma=2592000,h3-Q050=\":443\"; ma=2592000,h3-Q046=\":443\"; ma=2592000,h3-Q043=\":443\"; ma=2592000,quic=\":443\"; ma=2592000; v=\"46,43\"","accept-ranges":"none","transfer-encoding":"chunked"}
[debug] [2021-11-01T03:04:02.783Z] <<< HTTP RESPONSE 200 {"content-type":"application/json; charset=UTF-8","vary":"X-Origin, Referer, Origin,Accept-Encoding","date":"Mon, 01 Nov 2021 03:04:04 GMT","server":"ESF","cache-control":"private","x-xss-protection":"0","x-frame-options":"SAMEORIGIN","x-content-type-options":"nosniff","alt-svc":"h3=\":443\"; ma=2592000,h3-29=\":443\"; ma=2592000,h3-Q050=\":443\"; ma=2592000,h3-Q046=\":443\"; ma=2592000,h3-Q043=\":443\"; ma=2592000,quic=\":443\"; ma=2592000; v=\"46,43\"","accept-ranges":"none","transfer-encoding":"chunked"}
[info] 
=== Functions Setup
[info] 
[info] A functions directory will be created in your project with sample code
[info] pre-configured. Functions can be deployed with firebase deploy.
[info] 
[debug] [2021-11-01T03:04:02.787Z] > command requires scopes: ["email","openid","https://www.googleapis.com/auth/cloudplatformprojects.readonly","https://www.googleapis.com/auth/firebase","https://www.googleapis.com/auth/cloud-platform"]
[debug] [2021-11-01T03:04:02.787Z] > authorizing via signed-in user (jwilliams617bos@gmail.com)
[debug] [2021-11-01T03:04:02.787Z] [iam] checking project fb9db-d7c37 for permissions ["firebase.projects.get"]
[debug] [2021-11-01T03:04:02.787Z] >>> HTTP REQUEST POST https://cloudresourcemanager.googleapis.com/v1/projects/fb9db-d7c37:testIamPermissions  
 {"permissions":["firebase.projects.get"]}
[debug] [2021-11-01T03:04:03.056Z] <<< HTTP RESPONSE 200 {"content-type":"application/json; charset=UTF-8","vary":"X-Origin, Referer, Origin,Accept-Encoding","date":"Mon, 01 Nov 2021 03:04:04 GMT","server":"ESF","cache-control":"private","x-xss-protection":"0","x-frame-options":"SAMEORIGIN","x-content-type-options":"nosniff","server-timing":"gfet4t7; dur=127","alt-svc":"h3=\":443\"; ma=2592000,h3-29=\":443\"; ma=2592000,h3-Q050=\":443\"; ma=2592000,h3-Q046=\":443\"; ma=2592000,h3-Q043=\":443\"; ma=2592000,quic=\":443\"; ma=2592000; v=\"46,43\"","accept-ranges":"none","transfer-encoding":"chunked"}
[debug] [2021-11-01T03:04:03.056Z] >>> HTTP REQUEST POST https://serviceusage.googleapis.com/v1/projects/fb9db-d7c37/services/cloudfunctions.googleapis.com:enable  
 
[debug] [2021-11-01T03:04:03.057Z] >>> HTTP REQUEST POST https://serviceusage.googleapis.com/v1/projects/fb9db-d7c37/services/runtimeconfig.googleapis.com:enable  
 
[debug] [2021-11-01T03:04:03.387Z] <<< HTTP RESPONSE 200 {"content-type":"application/json; charset=UTF-8","vary":"X-Origin, Referer, Origin,Accept-Encoding","date":"Mon, 01 Nov 2021 03:04:04 GMT","server":"ESF","cache-control":"private","x-xss-protection":"0","x-frame-options":"SAMEORIGIN","x-content-type-options":"nosniff","alt-svc":"h3=\":443\"; ma=2592000,h3-29=\":443\"; ma=2592000,h3-Q050=\":443\"; ma=2592000,h3-Q046=\":443\"; ma=2592000,h3-Q043=\":443\"; ma=2592000,quic=\":443\"; ma=2592000; v=\"46,43\"","accept-ranges":"none","transfer-encoding":"chunked"}
[debug] [2021-11-01T03:04:04.148Z] <<< HTTP RESPONSE 200 {"content-type":"application/json; charset=UTF-8","vary":"X-Origin, Referer, Origin,Accept-Encoding","date":"Mon, 01 Nov 2021 03:04:05 GMT","server":"ESF","cache-control":"private","x-xss-protection":"0","x-frame-options":"SAMEORIGIN","x-content-type-options":"nosniff","alt-svc":"h3=\":443\"; ma=2592000,h3-29=\":443\"; ma=2592000,h3-Q050=\":443\"; ma=2592000,h3-Q046=\":443\"; ma=2592000,h3-Q043=\":443\"; ma=2592000,quic=\":443\"; ma=2592000; v=\"46,43\"","accept-ranges":"none","transfer-encoding":"chunked"}
[info] +  Wrote functions/package.json 
[info] +  Wrote functions/index.js 
[info] +  Wrote functions/.gitignore 
[info] 
=== Hosting Setup
[info] 
[info] Your public directory is the folder (relative to your project directory) that
[info] will contain Hosting assets to be uploaded with firebase deploy. If you
[info] have a build process for your assets, use your build's output directory.
[info] 
[info] +  Wrote public/404.html 
[debug] [2021-11-01T03:04:32.969Z] >>> [apiv2][query] GET https://www.gstatic.com/firebasejs/releases.json [none]
[debug] [2021-11-01T03:04:33.074Z] <<< [apiv2][status] GET https://www.gstatic.com/firebasejs/releases.json 200
[debug] [2021-11-01T03:04:33.075Z] <<< [apiv2][body] GET https://www.gstatic.com/firebasejs/releases.json {"current":{"version":"9.2.0","browserURL":"https://www.gstatic.com/firebasejs/9.2.0/firebase.js","packageURL":"https://www.gstatic.com/firebasejs/9.2.0/firebase.tgz"},"live":{"version":"9.2","browserURL":"https://www.gstatic.com/firebasejs/live/9.2/firebase.js","packageURL":"https://www.gstatic.com/firebasejs/live/9.2/firebase.tgz"},"components":{"analytics":"https://www.gstatic.com/firebasejs/9.2.0/firebase-analytics.js","app":"https://www.gstatic.com/firebasejs/9.2.0/firebase-app.js","app-check":"https://www.gstatic.com/firebasejs/9.2.0/firebase-app-check.js","auth":"https://www.gstatic.com/firebasejs/9.2.0/firebase-auth.js","auth/cordova":"https://www.gstatic.com/firebasejs/9.2.0/firebase-auth/cordova.js","auth/react-native":"https://www.gstatic.com/firebasejs/9.2.0/firebase-auth/react-native.js","functions":"https://www.gstatic.com/firebasejs/9.2.0/firebase-functions.js","firestore":"https://www.gstatic.com/firebasejs/9.2.0/firebase-firestore.js","firestore/lite":"https://www.gstatic.com/firebasejs/9.2.0/firebase-firestore/lite.js","storage":"https://www.gstatic.com/firebasejs/9.2.0/firebase-storage.js","performance":"https://www.gstatic.com/firebasejs/9.2.0/firebase-performance.js","remote-config":"https://www.gstatic.com/firebasejs/9.2.0/firebase-remote-config.js","messaging":"https://www.gstatic.com/firebasejs/9.2.0/firebase-messaging.js","messaging/sw":"https://www.gstatic.com/firebasejs/9.2.0/firebase-messaging/sw.js","database":"https://www.gstatic.com/firebasejs/9.2.0/firebase-database.js","firestore.memory":"https://www.gstatic.com/firebasejs/9.2.0/firebase-firestore.memory.js"}}
[info] i  Skipping write of public/index.html 
[info] 
=== Hosting:github Setup
[info] 
[info] i  Detected a .git folder at W:\Coding\FB9DB 
[info] i  Authorizing with GitHub to upload your service account to a GitHub repository's secrets store. 
[info] 
[info] Visit this URL on this device to log in:
[info] https://github.com/login/oauth/authorize?client_id=89cf50f02ac6aaed3484&state=802141647&redirect_uri=http%3A%2F%2Flocalhost%3A9005&scope=read%3Auser%20repo%20public_repo
[info] 
[info] Waiting for authentication...
[debug] [2021-11-01T03:04:41.111Z] >>> HTTP REQUEST POST https://github.com/login/oauth/access_token  
 {"client_id":"89cf50f02ac6aaed3484","client_secret":"3330d14abc895d9a74d5f17cd7a00711fa2c5bf0","code":"9b346830be8d00eede23","redirect_uri":"http://localhost:9005","state":"802141647"}
[debug] [2021-11-01T03:04:41.297Z] <<< HTTP RESPONSE 200 {"server":"GitHub.com","date":"Mon, 01 Nov 2021 03:04:42 GMT","content-type":"application/json; charset=utf-8","transfer-encoding":"chunked","vary":"X-PJAX, X-PJAX-Container, Accept-Encoding, Accept, X-Requested-With","permissions-policy":"interest-cohort=()","etag":"W/\"408d0ef3423ba7c04e56ca083460b7fb\"","cache-control":"max-age=0, private, must-revalidate","strict-transport-security":"max-age=31536000; includeSubdomains; preload","x-frame-options":"deny","x-content-type-options":"nosniff","x-xss-protection":"0","referrer-policy":"origin-when-cross-origin, strict-origin-when-cross-origin","expect-ct":"max-age=2592000, report-uri=\"https://api.github.com/_private/browser/errors\"","content-security-policy":"default-src 'none'; base-uri 'self'; block-all-mixed-content; child-src github.com/assets-cdn/worker/ gist.github.com/assets-cdn/worker/; connect-src 'self' uploads.github.com objects-origin.githubusercontent.com www.githubstatus.com collector.githubapp.com api.github.com github-cloud.s3.amazonaws.com github-production-repository-file-5c1aeb.s3.amazonaws.com github-production-upload-manifest-file-7fdce7.s3.amazonaws.com github-production-user-asset-6210df.s3.amazonaws.com cdn.optimizely.com logx.optimizely.com/v1/events translator.github.com wss://alive.github.com; font-src github.githubassets.com; form-action 'self' github.com gist.github.com objects-origin.githubusercontent.com; frame-ancestors 'none'; frame-src render.githubusercontent.com viewscreen.githubusercontent.com notebooks.githubusercontent.com; img-src 'self' data: github.githubassets.com identicons.github.com collector.githubapp.com github-cloud.s3.amazonaws.com secured-user-images.githubusercontent.com/ *.githubusercontent.com; manifest-src 'self'; media-src github.com user-images.githubusercontent.com/; script-src github.githubassets.com; style-src 'unsafe-inline' github.githubassets.com; worker-src github.com/assets-cdn/worker/ gist.github.com/assets-cdn/worker/","x-github-request-id":"C02A:715C:E30269:1C44872:617F594A"}
[debug] [2021-11-01T03:04:41.301Z] >>> [apiv2][query] GET https://api.github.com/user [none]
[debug] [2021-11-01T03:04:41.513Z] <<< [apiv2][status] GET https://api.github.com/user 200
[debug] [2021-11-01T03:04:41.513Z] <<< [apiv2][body] GET https://api.github.com/user {"login":"Jwill617Boston","id":77422031,"node_id":"MDQ6VXNlcjc3NDIyMDMx","avatar_url":"https://avatars.githubusercontent.com/u/77422031?v=4","gravatar_id":"","url":"https://api.github.com/users/Jwill617Boston","html_url":"https://github.com/Jwill617Boston","followers_url":"https://api.github.com/users/Jwill617Boston/followers","following_url":"https://api.github.com/users/Jwill617Boston/following{/other_user}","gists_url":"https://api.github.com/users/Jwill617Boston/gists{/gist_id}","starred_url":"https://api.github.com/users/Jwill617Boston/starred{/owner}{/repo}","subscriptions_url":"https://api.github.com/users/Jwill617Boston/subscriptions","organizations_url":"https://api.github.com/users/Jwill617Boston/orgs","repos_url":"https://api.github.com/users/Jwill617Boston/repos","events_url":"https://api.github.com/users/Jwill617Boston/events{/privacy}","received_events_url":"https://api.github.com/users/Jwill617Boston/received_events","type":"User","site_admin":false,"name":null,"company":null,"blog":"","location":null,"email":null,"hireable":null,"bio":null,"twitter_username":null,"public_repos":22,"public_gists":0,"followers":0,"following":0,"created_at":"2021-01-14T01:46:55Z","updated_at":"2021-10-25T22:52:34Z","private_gists":0,"total_private_repos":1,"owned_private_repos":1,"disk_usage":172926,"collaborators":0,"two_factor_authentication":false,"plan":{"name":"free","space":976562499,"collaborators":0,"private_repos":10000}}
[info] 
[info] +  Success! Logged into GitHub as Jwill617Boston 
[info] 
